<?xml version="1.0"?>
<testsuite name="Chrome 127.0.0.0 (Linux x86_64)" package="" timestamp="2024-10-01T15:50:44" id="0" hostname="daniel-ThinkPad-P53" tests="5" errors="0" failures="0" time="0.002">
  <properties>
    <property name="browser.fullName" value="Mozilla/5.0 (X11; Linux x86_64) AppleWebKit/537.36 (KHTML, like Gecko) Chrome/127.0.0.0 Safari/537.36"/>
  </properties>
  <testcase name="EmployeeService dummy test" time="0.002" classname="EmployeeService"/>
  <testcase name="Employee dummy test" time="0" classname="Employee"/>
  <testcase name="AppComponent dummy test" time="0" classname="AppComponent"/>
  <testcase name="EmployeeListComponent dummy test" time="0" classname="EmployeeListComponent"/>
  <testcase name="EmployeeFormComponent dummy test" time="0" classname="EmployeeFormComponent"/>
  <system-out>
    <![CDATA[
]]>
  </system-out>
  <system-err/>
</testsuite>